<?xml version="1.0" encoding="UTF-8"?>
<testsuite name="ca.jbrains.math.test.AddFractionsTest" time="0.016" tests="6" errors="0" skipped="0" failures="0">
  <properties>
    <property name="java.runtime.name" value="Java(TM) SE Runtime Environment"/>
    <property name="java.vm.version" value="12.0.1+12"/>
    <property name="sun.boot.library.path" value="C:\Program Files\Java\jdk-12.0.1\bin"/>
    <property name="maven.multiModuleProjectDirectory" value="C:\Workspace\FractionsJava"/>
    <property name="java.vm.vendor" value="Oracle Corporation"/>
    <property name="java.vendor.url" value="https://java.oracle.com/"/>
    <property name="guice.disable.misplaced.annotation.check" value="true"/>
    <property name="path.separator" value=";"/>
    <property name="java.vm.name" value="Java HotSpot(TM) 64-Bit Server VM"/>
    <property name="sun.os.patch.level" value=""/>
    <property name="user.script" value=""/>
    <property name="user.country" value="IE"/>
    <property name="sun.java.launcher" value="SUN_STANDARD"/>
    <property name="java.vm.specification.name" value="Java Virtual Machine Specification"/>
    <property name="user.dir" value="C:\Workspace\FractionsJava"/>
    <property name="java.vm.compressedOopsMode" value="Zero based"/>
    <property name="java.runtime.version" value="12.0.1+12"/>
    <property name="java.awt.graphicsenv" value="sun.awt.Win32GraphicsEnvironment"/>
    <property name="os.arch" value="amd64"/>
    <property name="java.io.tmpdir" value="C:\Users\Admin\AppData\Local\Temp\"/>
    <property name="line.separator" value="&#10;"/>
    <property name="java.vm.specification.vendor" value="Oracle Corporation"/>
    <property name="user.variant" value=""/>
    <property name="os.name" value="Windows 10"/>
    <property name="classworlds.conf" value="C:\dev_tools\apache-maven-3.3.9\bin\m2.conf"/>
    <property name="sun.jnu.encoding" value="Cp1252"/>
    <property name="java.library.path" value="C:\Program Files\Java\jdk-12.0.1\bin;C:\WINDOWS\Sun\Java\bin;C:\WINDOWS\system32;C:\WINDOWS;C:\Program Files\Java\jdk-12.0.1\bin;C:\Program Files (x86)\TRICENTIS\Tosca Testsuite;C:\Tosca_Projects;C:\Program Files (x86)\TRICENTIS\Tosca Testsuite\dll;C:\Program Files (x86)\TRICENTIS\Tosca Testsuite\dll\GuptaEngine;C:\Program Files (x86)\TRICENTIS\Tosca Testsuite\;C:\Program Files (x86)\TRICENTIS\Tosca Testsuite\dll\DelphiEngine;C:\Program Files (x86)\TRICENTIS\Tosca Testsuite\dll\PBEngine;C:\Program Files (x86)\TRICENTIS\Tosca Testsuite\dll\VBEngine;C:\Program Files (x86)\TRICENTIS\Tosca Testsuite\dll\DotNetHooking;;C:\Program Files (x86)\TRICENTIS\Tosca Testsuite\Resources\Mobile\Tools;C:\ProgramData\Oracle\Java\javapath;C:\Program Files (x86)\Common Files\Oracle\Java\javapath;C:\WINDOWS\system32;C:\WINDOWS;C:\WINDOWS\System32\Wbem;C:\WINDOWS\System32\WindowsPowerShell\v1.0\;C:\dev_tools\apache-maven-3.3.9/bin;C:\Users\Admin\android-sdks\platform-tools;C:\Users\Admin\android-sdks\tools;C:\Program Files\Amazon\AWSCLI\;C:\Program Files (x86)\Appium\node_modules\.bin;C:\Windows;C:\Program Files (x86)\QuickTime\QTSystem\;C:\Users\Admin\AppData\Roaming\npm;C:\Program Files\MySQL\MySQL Server 5.7\bin;C:\Program Files\nodejs;C:\Program Files\SourceGear\Common\DiffMerge\;C:\Program Files (x86)\Windows Kits\10\Windows Performance Toolkit\;C:\Program Files (x86)\PICT\;C:\Program Files (x86)\HP\LoadRunner\strawberry-perl\perl\bin;C:\Users\Admin\Desktop\API PROJECT\apache-jmeter-3.1\bin;C:\Program Files (x86)\Groovy\Groovy-2.6.0\bin;C:\WINDOWS\System32\OpenSSH\;C:\Program Files\Git\bin;C:\Program Files\Git\cmd\git.exe;C:\Users\Admin\AppData\Local\Programs\Python\Python37-32;C:\Users\Admin\AppData\Local\Programs\Python\Python37-32\DLLs;C:\Users\Admin\AppData\Local\Programs\Python\Python37-32\Lib;C:\Users\Admin\AppData\Local\Programs\Python\Python37-32\Scripts;C:\Users\Admin\AppData\Local\Programs\Python\Python37-32\Tools;C:\Users\Admin\Desktop\PLANET_PAYMENT\FintraxPOP\Browsers;C:\Program Files (x86)\Tesseract-OCR;C:\Users\Admin\AppData\Local\Programs\Python\Python37-32\Lib\site-packages\tesseract;C:\Program Files (x86)\Intel\Intel(R) Management Engine Components\DAL;C:\Program Files\Intel\Intel(R) Management Engine Components\DAL;C:\Program Files\nodejs\;C:\Allure\allure-2.13.0\bin;C:\Users\Admin\AppData\Local\Microsoft\WindowsApps;C:\Users\Admin\Desktop\API PROJECT\apache-jmeter-3.1\bin\;C:\Program Files\Microsoft VS Code\bin;C:\Users\Admin\AppData\Local\Programs\Fiddler;C:\Program Files\Git\bin;C:\Program Files (x86)\Tesseract-OCR;C:\Users\Admin\AppData\Local\Programs\Python\Python37-32\Lib\site-packages\tesseract;C:\Program Files\Java\jdk-12.0.1\bin;C:\Users\Admin\AppData\Roaming\npm;C:\Users\Admin\AppData\Local\Microsoft\WindowsApps;C:\Allure\allure-2.13.0\bin;;."/>
    <property name="jdk.debug" value="release"/>
    <property name="java.class.version" value="56.0"/>
    <property name="java.specification.name" value="Java Platform API Specification"/>
    <property name="sun.management.compiler" value="HotSpot 64-Bit Tiered Compilers"/>
    <property name="os.version" value="10.0"/>
    <property name="user.home" value="C:\Users\Admin"/>
    <property name="user.timezone" value="Europe/Dublin"/>
    <property name="file.encoding" value="Cp1252"/>
    <property name="java.specification.version" value="12"/>
    <property name="user.name" value="Admin"/>
    <property name="java.class.path" value="C:\dev_tools\apache-maven-3.3.9\boot\plexus-classworlds-2.5.2.jar"/>
    <property name="java.vm.specification.version" value="12"/>
    <property name="sun.arch.data.model" value="64"/>
    <property name="sun.java.command" value="org.codehaus.plexus.classworlds.launcher.Launcher clean test"/>
    <property name="java.home" value="C:\Program Files\Java\jdk-12.0.1"/>
    <property name="user.language" value="en"/>
    <property name="java.specification.vendor" value="Oracle Corporation"/>
    <property name="awt.toolkit" value="sun.awt.windows.WToolkit"/>
    <property name="java.vm.info" value="mixed mode, sharing"/>
    <property name="java.version" value="12.0.1"/>
    <property name="java.vendor" value="Oracle Corporation"/>
    <property name="sun.stderr.encoding" value="cp850"/>
    <property name="maven.home" value="C:\dev_tools\apache-maven-3.3.9"/>
    <property name="file.separator" value="\"/>
    <property name="java.version.date" value="2019-04-16"/>
    <property name="java.vendor.url.bug" value="https://bugreport.java.com/bugreport/"/>
    <property name="sun.io.unicode.encoding" value="UnicodeLittle"/>
    <property name="sun.cpu.endian" value="little"/>
    <property name="sun.stdout.encoding" value="cp850"/>
    <property name="sun.desktop" value="windows"/>
    <property name="sun.cpu.isalist" value="amd64"/>
  </properties>
  <testcase name="negativeInputsAndNegativeOutput" classname="ca.jbrains.math.test.AddFractionsTest" time="0.016"/>
  <testcase name="nonNegativeNonZeroOperands" classname="ca.jbrains.math.test.AddFractionsTest" time="0"/>
  <testcase name="nonTrivialDenominator" classname="ca.jbrains.math.test.AddFractionsTest" time="0"/>
  <testcase name="nonZeroPlusZero" classname="ca.jbrains.math.test.AddFractionsTest" time="0"/>
  <testcase name="zeroPlusNonZero" classname="ca.jbrains.math.test.AddFractionsTest" time="0"/>
  <testcase name="zeroPlusZero" classname="ca.jbrains.math.test.AddFractionsTest" time="0"/>
</testsuite>