<?xml version="1.0" encoding="UTF-8"?>
<!-- Generated by org.testng.reporters.JUnitReportReporter -->
<testsuite hostname="DESKTOP-39Q0A9U" failures="0" tests="6" name="ca.jbrains.math.test.AddFractionsTest" time="0.000" errors="0" timestamp="04 Mar 2020 15:46:24 GMT" skipped="0">
  <testcase classname="ca.jbrains.math.test.AddFractionsTest" name="nonNegativeNonZeroOperands" time="0.000"/>
  <testcase classname="ca.jbrains.math.test.AddFractionsTest" name="zeroPlusZero" time="0.000"/>
  <testcase classname="ca.jbrains.math.test.AddFractionsTest" name="nonZeroPlusZero" time="0.000"/>
  <testcase classname="ca.jbrains.math.test.AddFractionsTest" name="negativeInputsAndNegativeOutput" time="0.000"/>
  <testcase classname="ca.jbrains.math.test.AddFractionsTest" name="nonTrivialDenominator" time="0.000"/>
  <testcase classname="ca.jbrains.math.test.AddFractionsTest" name="zeroPlusNonZero" time="0.000"/>
</testsuite> <!-- ca.jbrains.math.test.AddFractionsTest -->
